android/app/build/intermediates/manifest_merge_blame_file/debug/manifest-merger-blame-debug-report.txt
1<?xml version="1.0" encoding="utf-8"?>
2<manifest xmlns:android="http://schemas.android.com/apk/res/android"
3    package="com.whale_profits"
4    android:versionCode="1"
5    android:versionName="1.0" >
6
7    <uses-sdk
8        android:minSdkVersion="21"
9        android:targetSdkVersion="33" />
10
11    <uses-permission android:name="android.permission.SYSTEM_ALERT_WINDOW" />
11-->src/debug/AndroidManifest.xml:5:5-77
11-->src/debug/AndroidManifest.xml:5:22-75
12    <uses-permission android:name="android.permission.INTERNET" />
12-->src/main/AndroidManifest.xml:3:5-67
12-->src/main/AndroidManifest.xml:3:22-64
13    <uses-permission android:name="android.permission.ACCESS_WIFI_STATE" />
13-->[com.facebook.flipper:flipper:0.125.0] AndroidManifest.xml:16:5-76
13-->[com.facebook.flipper:flipper:0.125.0] AndroidManifest.xml:16:22-73
14    <uses-permission android:name="android.permission.WAKE_LOCK" />
14-->[:react-native-google-mobile-ads] AndroidManifest.xml:10:5-68
14-->[:react-native-google-mobile-ads] AndroidManifest.xml:10:22-65
15    <uses-permission android:name="android.permission.ACCESS_NETWORK_STATE" />
15-->[:react-native-google-mobile-ads] AndroidManifest.xml:11:5-79
15-->[:react-native-google-mobile-ads] AndroidManifest.xml:11:22-76
16    <uses-permission android:name="com.google.android.gms.permission.AD_ID" /> <!-- Android package visibility setting -->
16-->[com.google.android.gms:play-services-ads-lite:21.5.0] AndroidManifest.xml:26:5-79
16-->[com.google.android.gms:play-services-ads-lite:21.5.0] AndroidManifest.xml:26:22-76
17    <queries>
17-->[com.google.android.gms:play-services-ads-lite:21.5.0] AndroidManifest.xml:32:5-48:15
18
19        <!-- For browser content -->
20        <intent>
20-->[com.google.android.gms:play-services-ads-lite:21.5.0] AndroidManifest.xml:35:9-41:18
21            <action android:name="android.intent.action.VIEW" />
21-->[com.google.android.gms:play-services-ads-lite:21.5.0] AndroidManifest.xml:36:13-65
21-->[com.google.android.gms:play-services-ads-lite:21.5.0] AndroidManifest.xml:36:21-62
22
23            <category android:name="android.intent.category.BROWSABLE" />
23-->[com.google.android.gms:play-services-ads-lite:21.5.0] AndroidManifest.xml:38:13-74
23-->[com.google.android.gms:play-services-ads-lite:21.5.0] AndroidManifest.xml:38:23-71
24
25            <data android:scheme="https" />
25-->[com.google.android.gms:play-services-ads-lite:21.5.0] AndroidManifest.xml:40:13-44
25-->[com.google.android.gms:play-services-ads-lite:21.5.0] AndroidManifest.xml:40:19-41
26        </intent>
27        <!-- End of browser content -->
28        <!-- For CustomTabsService -->
29        <intent>
29-->[com.google.android.gms:play-services-ads-lite:21.5.0] AndroidManifest.xml:44:9-46:18
30            <action android:name="android.support.customtabs.action.CustomTabsService" />
30-->[com.google.android.gms:play-services-ads-lite:21.5.0] AndroidManifest.xml:45:13-90
30-->[com.google.android.gms:play-services-ads-lite:21.5.0] AndroidManifest.xml:45:21-87
31        </intent>
32        <!-- End of CustomTabsService -->
33    </queries>
34
35    <uses-permission android:name="android.permission.FOREGROUND_SERVICE" />
35-->[androidx.work:work-runtime:2.7.0] AndroidManifest.xml:28:5-77
35-->[androidx.work:work-runtime:2.7.0] AndroidManifest.xml:28:22-74
36
37    <application
37-->src/main/AndroidManifest.xml:5:5-24:19
38        android:name="com.whale_profits.MainApplication"
38-->src/main/AndroidManifest.xml:6:7-38
39        android:allowBackup="false"
39-->src/main/AndroidManifest.xml:10:7-34
40        android:appComponentFactory="androidx.core.app.CoreComponentFactory"
40-->[androidx.core:core:1.7.0] AndroidManifest.xml:24:18-86
41        android:debuggable="true"
42        android:icon="@mipmap/ic_launcher"
42-->src/main/AndroidManifest.xml:8:7-41
43        android:label="@string/app_name"
43-->src/main/AndroidManifest.xml:7:7-39
44        android:roundIcon="@mipmap/ic_launcher_round"
44-->src/main/AndroidManifest.xml:9:7-52
45        android:theme="@style/AppTheme"
45-->src/main/AndroidManifest.xml:11:7-38
46        android:usesCleartextTraffic="true" >
46-->src/debug/AndroidManifest.xml:8:9-44
47        <activity
47-->src/debug/AndroidManifest.xml:11:9-111
48            android:name="com.facebook.react.devsupport.DevSettingsActivity"
48-->src/debug/AndroidManifest.xml:11:19-83
49            android:exported="false" />
49-->src/debug/AndroidManifest.xml:11:84-108
50        <activity
50-->src/main/AndroidManifest.xml:12:7-23:18
51            android:name="com.whale_profits.MainActivity"
51-->src/main/AndroidManifest.xml:13:9-37
52            android:configChanges="keyboard|keyboardHidden|orientation|screenLayout|screenSize|smallestScreenSize|uiMode"
52-->src/main/AndroidManifest.xml:15:9-118
53            android:exported="true"
53-->src/main/AndroidManifest.xml:18:9-32
54            android:label="@string/app_name"
54-->src/main/AndroidManifest.xml:14:9-41
55            android:launchMode="singleTask"
55-->src/main/AndroidManifest.xml:16:9-40
56            android:windowSoftInputMode="adjustResize" >
56-->src/main/AndroidManifest.xml:17:9-51
57            <intent-filter>
57-->src/main/AndroidManifest.xml:19:9-22:25
58                <action android:name="android.intent.action.MAIN" />
58-->src/main/AndroidManifest.xml:20:13-65
58-->src/main/AndroidManifest.xml:20:21-62
59
60                <category android:name="android.intent.category.LAUNCHER" />
60-->src/main/AndroidManifest.xml:21:13-73
60-->src/main/AndroidManifest.xml:21:23-70
61            </intent-filter>
62        </activity>
63
64        <meta-data
64-->[:react-native-google-mobile-ads] AndroidManifest.xml:14:9-16:70
65            android:name="com.google.android.gms.ads.APPLICATION_ID"
65-->[:react-native-google-mobile-ads] AndroidManifest.xml:15:13-69
66            android:value="ca-app-pub-3734840884788254~9194262848" />
66-->[:react-native-google-mobile-ads] AndroidManifest.xml:16:13-67
67        <meta-data
67-->[:react-native-google-mobile-ads] AndroidManifest.xml:17:9-19:37
68            android:name="com.google.android.gms.ads.DELAY_APP_MEASUREMENT_INIT"
68-->[:react-native-google-mobile-ads] AndroidManifest.xml:18:13-81
69            android:value="false" />
69-->[:react-native-google-mobile-ads] AndroidManifest.xml:19:13-34
70        <meta-data
70-->[:react-native-google-mobile-ads] AndroidManifest.xml:20:9-22:36
71            android:name="com.google.android.gms.ads.flag.OPTIMIZE_INITIALIZATION"
71-->[:react-native-google-mobile-ads] AndroidManifest.xml:21:13-83
72            android:value="true" />
72-->[:react-native-google-mobile-ads] AndroidManifest.xml:22:13-33
73        <meta-data
73-->[:react-native-google-mobile-ads] AndroidManifest.xml:23:9-25:36
74            android:name="com.google.android.gms.ads.flag.OPTIMIZE_AD_LOADING"
74-->[:react-native-google-mobile-ads] AndroidManifest.xml:24:13-79
75            android:value="true" /> <!-- Include the AdActivity and InAppPurchaseActivity configChanges and themes. -->
75-->[:react-native-google-mobile-ads] AndroidManifest.xml:25:13-33
76        <activity
76-->[com.google.android.gms:play-services-ads-lite:21.5.0] AndroidManifest.xml:53:9-58:43
77            android:name="com.google.android.gms.ads.AdActivity"
77-->[com.google.android.gms:play-services-ads-lite:21.5.0] AndroidManifest.xml:54:13-65
78            android:configChanges="keyboard|keyboardHidden|orientation|screenLayout|uiMode|screenSize|smallestScreenSize"
78-->[com.google.android.gms:play-services-ads-lite:21.5.0] AndroidManifest.xml:55:13-122
79            android:exported="false"
79-->[com.google.android.gms:play-services-ads-lite:21.5.0] AndroidManifest.xml:56:13-37
80            android:theme="@android:style/Theme.Translucent" />
80-->[com.google.android.gms:play-services-ads-lite:21.5.0] AndroidManifest.xml:57:13-61
81
82        <provider
82-->[com.google.android.gms:play-services-ads-lite:21.5.0] AndroidManifest.xml:60:9-65:43
83            android:name="com.google.android.gms.ads.MobileAdsInitProvider"
83-->[com.google.android.gms:play-services-ads-lite:21.5.0] AndroidManifest.xml:61:13-76
84            android:authorities="com.whale_profits.mobileadsinitprovider"
84-->[com.google.android.gms:play-services-ads-lite:21.5.0] AndroidManifest.xml:62:13-73
85            android:exported="false"
85-->[com.google.android.gms:play-services-ads-lite:21.5.0] AndroidManifest.xml:63:13-37
86            android:initOrder="100" />
86-->[com.google.android.gms:play-services-ads-lite:21.5.0] AndroidManifest.xml:64:13-36
87
88        <service
88-->[com.google.android.gms:play-services-ads-lite:21.5.0] AndroidManifest.xml:67:9-71:43
89            android:name="com.google.android.gms.ads.AdService"
89-->[com.google.android.gms:play-services-ads-lite:21.5.0] AndroidManifest.xml:68:13-64
90            android:enabled="true"
90-->[com.google.android.gms:play-services-ads-lite:21.5.0] AndroidManifest.xml:69:13-35
91            android:exported="false" />
91-->[com.google.android.gms:play-services-ads-lite:21.5.0] AndroidManifest.xml:70:13-37
92
93        <activity
93-->[com.google.android.gms:play-services-ads-lite:21.5.0] AndroidManifest.xml:73:9-77:43
94            android:name="com.google.android.gms.ads.OutOfContextTestingActivity"
94-->[com.google.android.gms:play-services-ads-lite:21.5.0] AndroidManifest.xml:74:13-82
95            android:configChanges="keyboard|keyboardHidden|orientation|screenLayout|uiMode|screenSize|smallestScreenSize"
95-->[com.google.android.gms:play-services-ads-lite:21.5.0] AndroidManifest.xml:75:13-122
96            android:exported="false" />
96-->[com.google.android.gms:play-services-ads-lite:21.5.0] AndroidManifest.xml:76:13-37
97
98        <provider
98-->[androidx.work:work-runtime:2.7.0] AndroidManifest.xml:31:9-39:20
99            android:name="androidx.startup.InitializationProvider"
99-->[androidx.work:work-runtime:2.7.0] AndroidManifest.xml:32:13-67
100            android:authorities="com.whale_profits.androidx-startup"
100-->[androidx.work:work-runtime:2.7.0] AndroidManifest.xml:33:13-68
101            android:exported="false" >
101-->[androidx.work:work-runtime:2.7.0] AndroidManifest.xml:34:13-37
102            <meta-data
102-->[androidx.work:work-runtime:2.7.0] AndroidManifest.xml:36:13-38:52
103                android:name="androidx.work.WorkManagerInitializer"
103-->[androidx.work:work-runtime:2.7.0] AndroidManifest.xml:37:17-68
104                android:value="androidx.startup" />
104-->[androidx.work:work-runtime:2.7.0] AndroidManifest.xml:38:17-49
105            <meta-data
105-->[androidx.emoji2:emoji2:1.0.0] AndroidManifest.xml:31:13-33:52
106                android:name="androidx.emoji2.text.EmojiCompatInitializer"
106-->[androidx.emoji2:emoji2:1.0.0] AndroidManifest.xml:32:17-75
107                android:value="androidx.startup" />
107-->[androidx.emoji2:emoji2:1.0.0] AndroidManifest.xml:33:17-49
108            <meta-data
108-->[androidx.lifecycle:lifecycle-process:2.4.0] AndroidManifest.xml:31:13-33:52
109                android:name="androidx.lifecycle.ProcessLifecycleInitializer"
109-->[androidx.lifecycle:lifecycle-process:2.4.0] AndroidManifest.xml:32:17-78
110                android:value="androidx.startup" />
110-->[androidx.lifecycle:lifecycle-process:2.4.0] AndroidManifest.xml:33:17-49
111        </provider>
112
113        <service
113-->[androidx.work:work-runtime:2.7.0] AndroidManifest.xml:41:9-46:35
114            android:name="androidx.work.impl.background.systemalarm.SystemAlarmService"
114-->[androidx.work:work-runtime:2.7.0] AndroidManifest.xml:42:13-88
115            android:directBootAware="false"
115-->[androidx.work:work-runtime:2.7.0] AndroidManifest.xml:43:13-44
116            android:enabled="@bool/enable_system_alarm_service_default"
116-->[androidx.work:work-runtime:2.7.0] AndroidManifest.xml:44:13-72
117            android:exported="false" />
117-->[androidx.work:work-runtime:2.7.0] AndroidManifest.xml:45:13-37
118        <service
118-->[androidx.work:work-runtime:2.7.0] AndroidManifest.xml:47:9-53:35
119            android:name="androidx.work.impl.background.systemjob.SystemJobService"
119-->[androidx.work:work-runtime:2.7.0] AndroidManifest.xml:48:13-84
120            android:directBootAware="false"
120-->[androidx.work:work-runtime:2.7.0] AndroidManifest.xml:49:13-44
121            android:enabled="@bool/enable_system_job_service_default"
121-->[androidx.work:work-runtime:2.7.0] AndroidManifest.xml:50:13-70
122            android:exported="true"
122-->[androidx.work:work-runtime:2.7.0] AndroidManifest.xml:51:13-36
123            android:permission="android.permission.BIND_JOB_SERVICE" />
123-->[androidx.work:work-runtime:2.7.0] AndroidManifest.xml:52:13-69
124        <service
124-->[androidx.work:work-runtime:2.7.0] AndroidManifest.xml:54:9-59:35
125            android:name="androidx.work.impl.foreground.SystemForegroundService"
125-->[androidx.work:work-runtime:2.7.0] AndroidManifest.xml:55:13-81
126            android:directBootAware="false"
126-->[androidx.work:work-runtime:2.7.0] AndroidManifest.xml:56:13-44
127            android:enabled="@bool/enable_system_foreground_service_default"
127-->[androidx.work:work-runtime:2.7.0] AndroidManifest.xml:57:13-77
128            android:exported="false" />
128-->[androidx.work:work-runtime:2.7.0] AndroidManifest.xml:58:13-37
129
130        <receiver
130-->[androidx.work:work-runtime:2.7.0] AndroidManifest.xml:61:9-66:35
131            android:name="androidx.work.impl.utils.ForceStopRunnable$BroadcastReceiver"
131-->[androidx.work:work-runtime:2.7.0] AndroidManifest.xml:62:13-88
132            android:directBootAware="false"
132-->[androidx.work:work-runtime:2.7.0] AndroidManifest.xml:63:13-44
133            android:enabled="true"
133-->[androidx.work:work-runtime:2.7.0] AndroidManifest.xml:64:13-35
134            android:exported="false" />
134-->[androidx.work:work-runtime:2.7.0] AndroidManifest.xml:65:13-37
135        <receiver
135-->[androidx.work:work-runtime:2.7.0] AndroidManifest.xml:67:9-77:20
136            android:name="androidx.work.impl.background.systemalarm.ConstraintProxy$BatteryChargingProxy"
136-->[androidx.work:work-runtime:2.7.0] AndroidManifest.xml:68:13-106
137            android:directBootAware="false"
137-->[androidx.work:work-runtime:2.7.0] AndroidManifest.xml:69:13-44
138            android:enabled="false"
138-->[androidx.work:work-runtime:2.7.0] AndroidManifest.xml:70:13-36
139            android:exported="false" >
139-->[androidx.work:work-runtime:2.7.0] AndroidManifest.xml:71:13-37
140            <intent-filter>
140-->[androidx.work:work-runtime:2.7.0] AndroidManifest.xml:73:13-76:29
141                <action android:name="android.intent.action.ACTION_POWER_CONNECTED" />
141-->[androidx.work:work-runtime:2.7.0] AndroidManifest.xml:74:17-87
141-->[androidx.work:work-runtime:2.7.0] AndroidManifest.xml:74:25-84
142                <action android:name="android.intent.action.ACTION_POWER_DISCONNECTED" />
142-->[androidx.work:work-runtime:2.7.0] AndroidManifest.xml:75:17-90
142-->[androidx.work:work-runtime:2.7.0] AndroidManifest.xml:75:25-87
143            </intent-filter>
144        </receiver>
145        <receiver
145-->[androidx.work:work-runtime:2.7.0] AndroidManifest.xml:78:9-88:20
146            android:name="androidx.work.impl.background.systemalarm.ConstraintProxy$BatteryNotLowProxy"
146-->[androidx.work:work-runtime:2.7.0] AndroidManifest.xml:79:13-104
147            android:directBootAware="false"
147-->[androidx.work:work-runtime:2.7.0] AndroidManifest.xml:80:13-44
148            android:enabled="false"
148-->[androidx.work:work-runtime:2.7.0] AndroidManifest.xml:81:13-36
149            android:exported="false" >
149-->[androidx.work:work-runtime:2.7.0] AndroidManifest.xml:82:13-37
150            <intent-filter>
150-->[androidx.work:work-runtime:2.7.0] AndroidManifest.xml:84:13-87:29
151                <action android:name="android.intent.action.BATTERY_OKAY" />
151-->[androidx.work:work-runtime:2.7.0] AndroidManifest.xml:85:17-77
151-->[androidx.work:work-runtime:2.7.0] AndroidManifest.xml:85:25-74
152                <action android:name="android.intent.action.BATTERY_LOW" />
152-->[androidx.work:work-runtime:2.7.0] AndroidManifest.xml:86:17-76
152-->[androidx.work:work-runtime:2.7.0] AndroidManifest.xml:86:25-73
153            </intent-filter>
154        </receiver>
155        <receiver
155-->[androidx.work:work-runtime:2.7.0] AndroidManifest.xml:89:9-99:20
156            android:name="androidx.work.impl.background.systemalarm.ConstraintProxy$StorageNotLowProxy"
156-->[androidx.work:work-runtime:2.7.0] AndroidManifest.xml:90:13-104
157            android:directBootAware="false"
157-->[androidx.work:work-runtime:2.7.0] AndroidManifest.xml:91:13-44
158            android:enabled="false"
158-->[androidx.work:work-runtime:2.7.0] AndroidManifest.xml:92:13-36
159            android:exported="false" >
159-->[androidx.work:work-runtime:2.7.0] AndroidManifest.xml:93:13-37
160            <intent-filter>
160-->[androidx.work:work-runtime:2.7.0] AndroidManifest.xml:95:13-98:29
161                <action android:name="android.intent.action.DEVICE_STORAGE_LOW" />
161-->[androidx.work:work-runtime:2.7.0] AndroidManifest.xml:96:17-83
161-->[androidx.work:work-runtime:2.7.0] AndroidManifest.xml:96:25-80
162                <action android:name="android.intent.action.DEVICE_STORAGE_OK" />
162-->[androidx.work:work-runtime:2.7.0] AndroidManifest.xml:97:17-82
162-->[androidx.work:work-runtime:2.7.0] AndroidManifest.xml:97:25-79
163            </intent-filter>
164        </receiver>
165        <receiver
165-->[androidx.work:work-runtime:2.7.0] AndroidManifest.xml:100:9-109:20
166            android:name="androidx.work.impl.background.systemalarm.ConstraintProxy$NetworkStateProxy"
166-->[androidx.work:work-runtime:2.7.0] AndroidManifest.xml:101:13-103
167            android:directBootAware="false"
167-->[androidx.work:work-runtime:2.7.0] AndroidManifest.xml:102:13-44
168            android:enabled="false"
168-->[androidx.work:work-runtime:2.7.0] AndroidManifest.xml:103:13-36
169            android:exported="false" >
169-->[androidx.work:work-runtime:2.7.0] AndroidManifest.xml:104:13-37
170            <intent-filter>
170-->[androidx.work:work-runtime:2.7.0] AndroidManifest.xml:106:13-108:29
171                <action android:name="android.net.conn.CONNECTIVITY_CHANGE" />
171-->[androidx.work:work-runtime:2.7.0] AndroidManifest.xml:107:17-79
171-->[androidx.work:work-runtime:2.7.0] AndroidManifest.xml:107:25-76
172            </intent-filter>
173        </receiver>
174        <receiver
174-->[androidx.work:work-runtime:2.7.0] AndroidManifest.xml:110:9-121:20
175            android:name="androidx.work.impl.background.systemalarm.RescheduleReceiver"
175-->[androidx.work:work-runtime:2.7.0] AndroidManifest.xml:111:13-88
176            android:directBootAware="false"
176-->[androidx.work:work-runtime:2.7.0] AndroidManifest.xml:112:13-44
177            android:enabled="false"
177-->[androidx.work:work-runtime:2.7.0] AndroidManifest.xml:113:13-36
178            android:exported="false" >
178-->[androidx.work:work-runtime:2.7.0] AndroidManifest.xml:114:13-37
179            <intent-filter>
179-->[androidx.work:work-runtime:2.7.0] AndroidManifest.xml:116:13-120:29
180                <action android:name="android.intent.action.BOOT_COMPLETED" />
180-->[androidx.work:work-runtime:2.7.0] AndroidManifest.xml:117:17-79
180-->[androidx.work:work-runtime:2.7.0] AndroidManifest.xml:117:25-76
181                <action android:name="android.intent.action.TIME_SET" />
181-->[androidx.work:work-runtime:2.7.0] AndroidManifest.xml:118:17-73
181-->[androidx.work:work-runtime:2.7.0] AndroidManifest.xml:118:25-70
182                <action android:name="android.intent.action.TIMEZONE_CHANGED" />
182-->[androidx.work:work-runtime:2.7.0] AndroidManifest.xml:119:17-81
182-->[androidx.work:work-runtime:2.7.0] AndroidManifest.xml:119:25-78
183            </intent-filter>
184        </receiver>
185        <receiver
185-->[androidx.work:work-runtime:2.7.0] AndroidManifest.xml:122:9-131:20
186            android:name="androidx.work.impl.background.systemalarm.ConstraintProxyUpdateReceiver"
186-->[androidx.work:work-runtime:2.7.0] AndroidManifest.xml:123:13-99
187            android:directBootAware="false"
187-->[androidx.work:work-runtime:2.7.0] AndroidManifest.xml:124:13-44
188            android:enabled="@bool/enable_system_alarm_service_default"
188-->[androidx.work:work-runtime:2.7.0] AndroidManifest.xml:125:13-72
189            android:exported="false" >
189-->[androidx.work:work-runtime:2.7.0] AndroidManifest.xml:126:13-37
190            <intent-filter>
190-->[androidx.work:work-runtime:2.7.0] AndroidManifest.xml:128:13-130:29
191                <action android:name="androidx.work.impl.background.systemalarm.UpdateProxies" />
191-->[androidx.work:work-runtime:2.7.0] AndroidManifest.xml:129:17-98
191-->[androidx.work:work-runtime:2.7.0] AndroidManifest.xml:129:25-95
192            </intent-filter>
193        </receiver>
194        <receiver
194-->[androidx.work:work-runtime:2.7.0] AndroidManifest.xml:132:9-142:20
195            android:name="androidx.work.impl.diagnostics.DiagnosticsReceiver"
195-->[androidx.work:work-runtime:2.7.0] AndroidManifest.xml:133:13-78
196            android:directBootAware="false"
196-->[androidx.work:work-runtime:2.7.0] AndroidManifest.xml:134:13-44
197            android:enabled="true"
197-->[androidx.work:work-runtime:2.7.0] AndroidManifest.xml:135:13-35
198            android:exported="true"
198-->[androidx.work:work-runtime:2.7.0] AndroidManifest.xml:136:13-36
199            android:permission="android.permission.DUMP" >
199-->[androidx.work:work-runtime:2.7.0] AndroidManifest.xml:137:13-57
200            <intent-filter>
200-->[androidx.work:work-runtime:2.7.0] AndroidManifest.xml:139:13-141:29
201                <action android:name="androidx.work.diagnostics.REQUEST_DIAGNOSTICS" />
201-->[androidx.work:work-runtime:2.7.0] AndroidManifest.xml:140:17-88
201-->[androidx.work:work-runtime:2.7.0] AndroidManifest.xml:140:25-85
202            </intent-filter>
203        </receiver>
204
205        <service
205-->[androidx.room:room-runtime:2.2.5] AndroidManifest.xml:25:9-28:40
206            android:name="androidx.room.MultiInstanceInvalidationService"
206-->[androidx.room:room-runtime:2.2.5] AndroidManifest.xml:26:13-74
207            android:directBootAware="true"
207-->[androidx.room:room-runtime:2.2.5] AndroidManifest.xml:27:13-43
208            android:exported="false" />
208-->[androidx.room:room-runtime:2.2.5] AndroidManifest.xml:28:13-37
209
210        <activity
210-->[com.google.android.gms:play-services-base:18.0.0] AndroidManifest.xml:20:9-22:45
211            android:name="com.google.android.gms.common.api.GoogleApiActivity"
211-->[com.google.android.gms:play-services-base:18.0.0] AndroidManifest.xml:20:19-85
212            android:exported="false"
212-->[com.google.android.gms:play-services-base:18.0.0] AndroidManifest.xml:22:19-43
213            android:theme="@android:style/Theme.Translucent.NoTitleBar" />
213-->[com.google.android.gms:play-services-base:18.0.0] AndroidManifest.xml:21:19-78
214
215        <meta-data
215-->[com.google.android.gms:play-services-basement:18.0.0] AndroidManifest.xml:21:9-23:69
216            android:name="com.google.android.gms.version"
216-->[com.google.android.gms:play-services-basement:18.0.0] AndroidManifest.xml:22:13-58
217            android:value="@integer/google_play_services_version" />
217-->[com.google.android.gms:play-services-basement:18.0.0] AndroidManifest.xml:23:13-66
218    </application>
219
220</manifest>